<?xml version="1.0" encoding="UTF-8"?>
<!-- Generated by org.testng.reporters.JUnitReportReporter -->
<testsuite hostname="DESKTOP-C1C7IAD" failures="0" tests="2" name="test.TestNG_Demo2" time="12.485" errors="0" timestamp="2021-10-03T15:46:45 IST" skipped="0">
  <testcase classname="test.TestNG_Demo2" name="googleSearch3" time="4.495"/>
  <system-out/>
  <testcase classname="test.TestNG_Demo2" name="googleSearch2" time="7.990"/>
  <system-out/>
</testsuite> <!-- test.TestNG_Demo2 -->
