<?xml version="1.0" encoding="UTF-8"?>
<!-- Generated by org.testng.reporters.JUnitReportReporter -->
<testsuite hostname="DESKTOP-C1C7IAD" failures="0" tests="2" name="test.ExtentReportsDemoWithTestNG" time="2.740" errors="0" timestamp="2021-10-02T13:41:12 IST" skipped="0">
  <testcase classname="test.ExtentReportsDemoWithTestNG" name="test1" time="2.730"/>
  <system-out/>
  <testcase classname="test.ExtentReportsDemoWithTestNG" name="test2" time="0.010"/>
  <system-out/>
</testsuite> <!-- test.ExtentReportsDemoWithTestNG -->
