<?xml version="1.0" encoding="UTF-8"?>
<!-- Generated by org.testng.reporters.JUnitReportReporter -->
<testsuite hostname="DESKTOP-C1C7IAD" failures="0" tests="2" name="demo.TestNGIgnoreDemo" time="0.032" errors="0" timestamp="2021-10-14T16:43:50 IST" skipped="1">
  <testcase classname="demo.TestNGIgnoreDemo" name="test2" time="0.032"/>
  <system-out/>
  <testcase classname="demo.TestNGIgnoreDemo" name="test1">
    <skipped/>
  </testcase> <!-- test1 -->
  <system-out/>
</testsuite> <!-- demo.TestNGIgnoreDemo -->
