<?xml version="1.0" encoding="UTF-8"?>
<!-- Generated by org.testng.reporters.JUnitReportReporter -->
<testsuite hostname="DESKTOP-C1C7IAD" failures="0" tests="3" name="listeners.TestNGListenerDemo2" time="0.015" errors="0" timestamp="2021-10-11T20:58:37 IST" skipped="1">
  <testcase classname="listeners.TestNGListenerDemo2" name="test4" time="0.005"/>
  <system-out/>
  <testcase classname="listeners.TestNGListenerDemo2" name="test6" time="0.005">
    <skipped/>
  </testcase> <!-- test6 -->
  <system-out/>
  <testcase classname="listeners.TestNGListenerDemo2" name="test5" time="0.005"/>
  <system-out/>
</testsuite> <!-- listeners.TestNGListenerDemo2 -->
