<?xml version="1.0" encoding="UTF-8"?>
<!-- Generated by org.testng.reporters.JUnitReportReporter -->
<testsuite hostname="DESKTOP-C1C7IAD" failures="0" tests="3" name="utils.ExcelDataProvider" time="14.186" errors="0" timestamp="2021-10-11T11:55:18 IST" skipped="0">
  <testcase classname="utils.ExcelDataProvider" name="test1" time="3.555"/>
  <system-out/>
  <testcase classname="utils.ExcelDataProvider" name="test1" time="3.333"/>
  <system-out/>
  <testcase classname="utils.ExcelDataProvider" name="test1" time="7.298"/>
  <system-out/>
</testsuite> <!-- utils.ExcelDataProvider -->
