<?xml version="1.0" encoding="UTF-8"?>
<!-- Generated by org.testng.reporters.JUnitReportReporter -->
<testsuite hostname="DESKTOP-C1C7IAD" failures="0" tests="1" name="test.TestNG_Demo" time="11.057" errors="0" timestamp="2021-10-09T23:09:17 IST" skipped="0">
  <testcase classname="test.TestNG_Demo" name="googleSearch" time="11.057"/>
  <system-out/>
</testsuite> <!-- test.TestNG_Demo -->
