<?xml version="1.0" encoding="UTF-8"?>
<!-- Generated by org.testng.reporters.JUnitReportReporter -->
<testsuite hostname="DESKTOP-C1C7IAD" failures="0" tests="1" name="demo.TestNGParametersDemo" time="0.022" errors="0" timestamp="2021-10-12T22:21:11 IST" skipped="0">
  <testcase classname="demo.TestNGParametersDemo" name="test" time="0.022"/>
  <system-out/>
</testsuite> <!-- demo.TestNGParametersDemo -->
