<?xml version="1.0" encoding="UTF-8"?>
<!-- Generated by org.testng.reporters.JUnitReportReporter -->
<testsuite hostname="DESKTOP-C1C7IAD" failures="0" tests="3" name="demo.TestNGDependencyDemo" time="0.031" errors="0" timestamp="2021-10-13T00:22:48 IST" skipped="0">
  <testcase classname="demo.TestNGDependencyDemo" name="test3" time="0.004"/>
  <system-out/>
  <testcase classname="demo.TestNGDependencyDemo" name="test1" time="0.004"/>
  <system-out/>
  <testcase classname="demo.TestNGDependencyDemo" name="test2" time="0.023"/>
  <system-out/>
</testsuite> <!-- demo.TestNGDependencyDemo -->
