<?xml version="1.0" encoding="UTF-8"?>
<!-- Generated by org.testng.reporters.JUnitReportReporter -->
<testsuite hostname="DESKTOP-C1C7IAD" failures="0" tests="4" name="demo.TestNGGroupsDemo" time="0.037" errors="0" timestamp="2021-10-13T00:21:13 IST" skipped="0">
  <testcase classname="demo.TestNGGroupsDemo" name="test2" time="0.005"/>
  <system-out/>
  <testcase classname="demo.TestNGGroupsDemo" name="test1" time="0.021"/>
  <system-out/>
  <testcase classname="demo.TestNGGroupsDemo" name="test3" time="0.005"/>
  <system-out/>
  <testcase classname="demo.TestNGGroupsDemo" name="test4" time="0.006"/>
  <system-out/>
</testsuite> <!-- demo.TestNGGroupsDemo -->
