<?xml version="1.0" encoding="UTF-8"?>
<!-- Generated by org.testng.reporters.JUnitReportReporter -->
<testsuite hostname="DESKTOP-C1C7IAD" failures="0" tests="1" name="demo.TestNGMultibrowserDemo" time="6.752" errors="0" timestamp="2021-10-12T13:20:27 IST" skipped="0">
  <testcase classname="demo.TestNGMultibrowserDemo" name="test1" time="6.752"/>
  <system-out/>
</testsuite> <!-- demo.TestNGMultibrowserDemo -->
